make --dry-run --always-make --keep-going --print-directory
make: Entering directory '/home/rently/Desktop/ES_Training/ASSIGNMENT_3'
/usr/bin/cmake -S/home/rently/Desktop/ES_Training/ASSIGNMENT_3 -B/home/rently/Desktop/ES_Training/ASSIGNMENT_3 --check-build-system CMakeFiles/Makefile.cmake 0
/usr/bin/cmake -E cmake_progress_start /home/rently/Desktop/ES_Training/ASSIGNMENT_3/CMakeFiles /home/rently/Desktop/ES_Training/ASSIGNMENT_3/CMakeFiles/progress.marks
make -f CMakeFiles/Makefile2 all
make[1]: Entering directory '/home/rently/Desktop/ES_Training/ASSIGNMENT_3'
make -f CMakeFiles/ASSIGNMENT_3.dir/build.make CMakeFiles/ASSIGNMENT_3.dir/depend
make[2]: Entering directory '/home/rently/Desktop/ES_Training/ASSIGNMENT_3'
cd /home/rently/Desktop/ES_Training/ASSIGNMENT_3 && /usr/bin/cmake -E cmake_depends "Unix Makefiles" /home/rently/Desktop/ES_Training/ASSIGNMENT_3 /home/rently/Desktop/ES_Training/ASSIGNMENT_3 /home/rently/Desktop/ES_Training/ASSIGNMENT_3 /home/rently/Desktop/ES_Training/ASSIGNMENT_3 /home/rently/Desktop/ES_Training/ASSIGNMENT_3/CMakeFiles/ASSIGNMENT_3.dir/DependInfo.cmake --color=
make[2]: Leaving directory '/home/rently/Desktop/ES_Training/ASSIGNMENT_3'
make -f CMakeFiles/ASSIGNMENT_3.dir/build.make CMakeFiles/ASSIGNMENT_3.dir/build
make[2]: Entering directory '/home/rently/Desktop/ES_Training/ASSIGNMENT_3'
/usr/bin/cmake -E cmake_echo_color --switch= --green --progress-dir=/home/rently/Desktop/ES_Training/ASSIGNMENT_3/CMakeFiles --progress-num=1 "Building C object CMakeFiles/ASSIGNMENT_3.dir/main.c.o"
/usr/bin/cc    -o CMakeFiles/ASSIGNMENT_3.dir/main.c.o   -c /home/rently/Desktop/ES_Training/ASSIGNMENT_3/main.c
/usr/bin/cmake -E cmake_echo_color --switch= --green --bold --progress-dir=/home/rently/Desktop/ES_Training/ASSIGNMENT_3/CMakeFiles --progress-num=2 "Linking C executable ASSIGNMENT_3"
/usr/bin/cmake -E cmake_link_script CMakeFiles/ASSIGNMENT_3.dir/link.txt --verbose=
make[2]: Leaving directory '/home/rently/Desktop/ES_Training/ASSIGNMENT_3'
/usr/bin/cmake -E cmake_echo_color --switch= --progress-dir=/home/rently/Desktop/ES_Training/ASSIGNMENT_3/CMakeFiles --progress-num=1,2 "Built target ASSIGNMENT_3"
make[1]: Leaving directory '/home/rently/Desktop/ES_Training/ASSIGNMENT_3'
/usr/bin/cmake -E cmake_progress_start /home/rently/Desktop/ES_Training/ASSIGNMENT_3/CMakeFiles 0
make: Leaving directory '/home/rently/Desktop/ES_Training/ASSIGNMENT_3'
 
